2020-07-30 00:00:20,744 INFO  [org.jboss.as.repository] (management-handler-thread - 2) WFLYDR0001: Content added at location /home/jmurillo/bin/wildfly-18.0.1.Final/standalone/data/content/38/ca73054c2e7c2b2f6f1a23f15a32dbc3af99d0/content
2020-07-30 00:00:20,749 INFO  [org.jboss.as.server.deployment] (MSC service thread 1-1) WFLYSRV0027: Starting deployment of "contactosjpa.war" (runtime-name: "contactosjpa.war")
2020-07-30 00:00:21,848 INFO  [org.jboss.as.jpa] (MSC service thread 1-4) WFLYJPA0002: Read persistence.xml for contactosjpaPersistenceUnit
2020-07-30 00:00:21,853 WARN  [org.jboss.as.connector] (MSC service thread 1-4) WFLYJCA0091: -ds.xml file deployments are deprecated. Support may be removed in a future version.
2020-07-30 00:00:21,955 INFO  [org.jboss.as.connector.subsystems.datasources] (MSC service thread 1-1) WFLYJCA0001: Bound data source [java:jboss/datasources/jboss-javaee-webappDS]
2020-07-30 00:00:21,986 INFO  [org.jboss.as.jpa] (ServerService Thread Pool -- 94) WFLYJPA0010: Starting Persistence Unit (phase 1 of 2) Service 'contactosjpa.war#contactosjpaPersistenceUnit'
2020-07-30 00:00:21,986 INFO  [org.hibernate.jpa.internal.util.LogHelper] (ServerService Thread Pool -- 94) HHH000204: Processing PersistenceUnitInfo [
	name: contactosjpaPersistenceUnit
	...]
2020-07-30 00:00:21,995 INFO  [org.jboss.weld.deployer] (MSC service thread 1-4) WFLYWELD0003: Processing weld deployment contactosjpa.war
2020-07-30 00:00:22,073 INFO  [org.jboss.as.ejb3.deployment] (MSC service thread 1-4) WFLYEJB0473: JNDI bindings for session bean named 'PersonaDAO' in deployment unit 'deployment "contactosjpa.war"' are as follows:

	java:global/contactosjpa/PersonaDAO!ec.edu.ups.appdis.contactosjpa.data.PersonaDAO
	java:app/contactosjpa/PersonaDAO!ec.edu.ups.appdis.contactosjpa.data.PersonaDAO
	java:module/PersonaDAO!ec.edu.ups.appdis.contactosjpa.data.PersonaDAO
	ejb:/contactosjpa/PersonaDAO!ec.edu.ups.appdis.contactosjpa.data.PersonaDAO
	java:global/contactosjpa/PersonaDAO
	java:app/contactosjpa/PersonaDAO
	java:module/PersonaDAO

2020-07-30 00:00:22,073 INFO  [org.jboss.as.ejb3.deployment] (MSC service thread 1-4) WFLYEJB0473: JNDI bindings for session bean named 'PruebaDAO' in deployment unit 'deployment "contactosjpa.war"' are as follows:

	java:global/contactosjpa/PruebaDAO!ec.edu.ups.appdis.contactosjpa.data.PruebaDAO
	java:app/contactosjpa/PruebaDAO!ec.edu.ups.appdis.contactosjpa.data.PruebaDAO
	java:module/PruebaDAO!ec.edu.ups.appdis.contactosjpa.data.PruebaDAO
	ejb:/contactosjpa/PruebaDAO!ec.edu.ups.appdis.contactosjpa.data.PruebaDAO
	java:global/contactosjpa/PruebaDAO
	java:app/contactosjpa/PruebaDAO
	java:module/PruebaDAO

2020-07-30 00:00:22,074 INFO  [org.jboss.as.ejb3.deployment] (MSC service thread 1-4) WFLYEJB0473: JNDI bindings for session bean named 'TransaccionDAO' in deployment unit 'deployment "contactosjpa.war"' are as follows:

	java:global/contactosjpa/TransaccionDAO!ec.edu.ups.appdis.contactosjpa.data.TransaccionDAO
	java:app/contactosjpa/TransaccionDAO!ec.edu.ups.appdis.contactosjpa.data.TransaccionDAO
	java:module/TransaccionDAO!ec.edu.ups.appdis.contactosjpa.data.TransaccionDAO
	ejb:/contactosjpa/TransaccionDAO!ec.edu.ups.appdis.contactosjpa.data.TransaccionDAO
	java:global/contactosjpa/TransaccionDAO
	java:app/contactosjpa/TransaccionDAO
	java:module/TransaccionDAO

2020-07-30 00:00:22,075 INFO  [org.jboss.as.ejb3.deployment] (MSC service thread 1-4) WFLYEJB0473: JNDI bindings for session bean named 'ContactosONEJBJPA' in deployment unit 'deployment "contactosjpa.war"' are as follows:

	java:global/contactosjpa/ContactosONEJBJPA!ec.edu.ups.appdis.contactosjpa.business.ContactosONEJBJPARemote
	java:app/contactosjpa/ContactosONEJBJPA!ec.edu.ups.appdis.contactosjpa.business.ContactosONEJBJPARemote
	java:module/ContactosONEJBJPA!ec.edu.ups.appdis.contactosjpa.business.ContactosONEJBJPARemote
	java:jboss/exported/contactosjpa/ContactosONEJBJPA!ec.edu.ups.appdis.contactosjpa.business.ContactosONEJBJPARemote
	ejb:/contactosjpa/ContactosONEJBJPA!ec.edu.ups.appdis.contactosjpa.business.ContactosONEJBJPARemote
	java:global/contactosjpa/ContactosONEJBJPA!ec.edu.ups.appdis.contactosjpa.business.ContactosONEJBJPALocal
	java:app/contactosjpa/ContactosONEJBJPA!ec.edu.ups.appdis.contactosjpa.business.ContactosONEJBJPALocal
	java:module/ContactosONEJBJPA!ec.edu.ups.appdis.contactosjpa.business.ContactosONEJBJPALocal
	ejb:/contactosjpa/ContactosONEJBJPA!ec.edu.ups.appdis.contactosjpa.business.ContactosONEJBJPALocal

2020-07-30 00:00:22,076 INFO  [org.jboss.as.ejb3.deployment] (MSC service thread 1-4) WFLYEJB0473: JNDI bindings for session bean named 'TelefonoDAO' in deployment unit 'deployment "contactosjpa.war"' are as follows:

	java:global/contactosjpa/TelefonoDAO!ec.edu.ups.appdis.contactosjpa.data.TelefonoDAO
	java:app/contactosjpa/TelefonoDAO!ec.edu.ups.appdis.contactosjpa.data.TelefonoDAO
	java:module/TelefonoDAO!ec.edu.ups.appdis.contactosjpa.data.TelefonoDAO
	ejb:/contactosjpa/TelefonoDAO!ec.edu.ups.appdis.contactosjpa.data.TelefonoDAO
	java:global/contactosjpa/TelefonoDAO
	java:app/contactosjpa/TelefonoDAO
	java:module/TelefonoDAO

2020-07-30 00:00:22,169 WARN  [org.jboss.as.ejb3] (MSC service thread 1-6) WFLYEJB0131: EJB ec.edu.ups.appdis.contactosjpa.business.ContactosONEJBJPA should not have a final or static method (validarCedula)
2020-07-30 00:00:22,169 WARN  [org.jboss.as.ejb3] (MSC service thread 1-6) WFLYEJB0131: EJB ec.edu.ups.appdis.contactosjpa.business.ContactosONEJBJPALocal should not have a final or static method (validarCedula)
2020-07-30 00:00:22,170 WARN  [org.jboss.as.ejb3] (MSC service thread 1-6) WFLYEJB0131: EJB ec.edu.ups.appdis.contactosjpa.business.ContactosONEJBJPARemote should not have a final or static method (validarCedula)
2020-07-30 00:00:22,370 WARN  [org.jboss.as.jaxrs] (MSC service thread 1-6) WFLYRS0018: Explicit usage of Jackson annotation in a JAX-RS deployment; the system will disable JSON-B processing for the current deployment. Consider setting the 'resteasy.preferJacksonOverJsonB' property to 'false' to restore JSON-B.
2020-07-30 00:00:22,394 INFO  [org.jboss.ws.cxf.metadata] (MSC service thread 1-6) JBWS024061: Adding service endpoint metadata: id=ec.edu.ups.appdis.services.PersonaServiceSOAP
 address=http://localhost:8080/contactosjpa/PersonaServiceSOAP
 implementor=ec.edu.ups.appdis.services.PersonaServiceSOAP
 serviceName={http://services.appdis.ups.edu.ec/}PersonaServiceSOAPService
 portName={http://services.appdis.ups.edu.ec/}PersonaServiceSOAPPort
 annotationWsdlLocation=null
 wsdlLocationOverride=null
 mtomEnabled=false
2020-07-30 00:00:22,408 INFO  [org.apache.cxf.wsdl.service.factory.ReflectionServiceFactoryBean] (MSC service thread 1-6) Creating Service {http://services.appdis.ups.edu.ec/}PersonaServiceSOAPService from class ec.edu.ups.appdis.services.PersonaServiceSOAP
2020-07-30 00:00:22,477 INFO  [org.apache.cxf.endpoint.ServerImpl] (MSC service thread 1-6) Setting the server's publish address to be http://localhost:8080/contactosjpa/PersonaServiceSOAP
2020-07-30 00:00:22,488 INFO  [org.jboss.ws.cxf.deployment] (MSC service thread 1-6) JBWS024074: WSDL published to: file:/home/jmurillo/bin/wildfly-18.0.1.Final/standalone/data/wsdl/contactosjpa.war/PersonaServiceSOAPService.wsdl
2020-07-30 00:00:22,520 INFO  [org.jboss.as.webservices] (MSC service thread 1-7) WFLYWS0003: Starting service jboss.ws.endpoint."contactosjpa.war"."ec.edu.ups.appdis.services.PersonaServiceSOAP"
2020-07-30 00:00:22,534 INFO  [org.jboss.as.jpa] (ServerService Thread Pool -- 94) WFLYJPA0010: Starting Persistence Unit (phase 2 of 2) Service 'contactosjpa.war#contactosjpaPersistenceUnit'
2020-07-30 00:00:22,535 INFO  [org.hibernate.dialect.Dialect] (ServerService Thread Pool -- 94) HHH000400: Using dialect: org.hibernate.dialect.MySQL55Dialect
2020-07-30 00:00:22,539 INFO  [org.hibernate.engine.jdbc.env.internal.LobCreatorBuilderImpl] (ServerService Thread Pool -- 94) HHH000423: Disabling contextual LOB creation as JDBC driver reported JDBC version [3] less than 4
2020-07-30 00:00:22,542 INFO  [org.hibernate.envers.boot.internal.EnversServiceImpl] (ServerService Thread Pool -- 94) Envers integration enabled? : true
2020-07-30 00:00:22,696 INFO  [io.smallrye.metrics] (MSC service thread 1-3) MicroProfile: Metrics activated
2020-07-30 00:00:22,702 WARN  [org.jboss.weld.Bootstrap] (MSC service thread 1-3) WELD-000146: BeforeBeanDiscovery.addAnnotatedType(AnnotatedType<?>) used for class com.sun.faces.flow.FlowDiscoveryCDIHelper is deprecated from CDI 1.1!
2020-07-30 00:00:23,183 INFO  [javax.enterprise.resource.webcontainer.jsf.config] (ServerService Thread Pool -- 104) Inicializando Mojarra 2.3.9.SP04 para el contexto '/contactosjpa'
2020-07-30 00:00:24,478 INFO  [org.primefaces.webapp.PostConstructApplicationEventListener] (ServerService Thread Pool -- 104) Running on PrimeFaces 8.0
2020-07-30 00:00:24,520 INFO  [org.jboss.resteasy.resteasy_jaxrs.i18n] (ServerService Thread Pool -- 104) RESTEASY002225: Deploying javax.ws.rs.core.Application: class ec.edu.ups.appdis.services.RestApplication
2020-07-30 00:00:24,521 WARN  [org.jboss.as.weld] (ServerService Thread Pool -- 104) WFLYWELD0052: Using deployment classloader to load proxy classes for module com.fasterxml.jackson.jaxrs.jackson-jaxrs-json-provider. Package-private access will not work. To fix this the module should declare dependencies on [org.jboss.weld.core, org.jboss.weld.spi, org.jboss.weld.api]
2020-07-30 00:00:24,575 INFO  [org.wildfly.extension.undertow] (ServerService Thread Pool -- 104) WFLYUT0021: Registered web context: '/contactosjpa' for server 'default-server'
2020-07-30 00:00:24,619 INFO  [org.jboss.as.server] (management-handler-thread - 2) WFLYSRV0010: Deployed "contactosjpa.war" (runtime-name : "contactosjpa.war")
